<?xml version="1.0" encoding="UTF-8"?>
<testng-results ignored="0" total="1" passed="1" failed="0" skipped="0">
  <reporter-output>
  </reporter-output>
  <suite started-at="2022-03-20T03:46:06Z" name="Default suite" finished-at="2022-03-20T03:46:22Z" duration-ms="15397">
    <groups>
    </groups>
    <test started-at="2022-03-20T03:46:06Z" name="Default test" finished-at="2022-03-20T03:46:22Z" duration-ms="15397">
      <class name="test.AddCustomerTest">
        <test-method signature="validUserShouldBeAbleToCreateCustomer()[pri:0, instance:test.AddCustomerTest@89ff02e]" started-at="2022-03-20T03:46:06Z" name="validUserShouldBeAbleToCreateCustomer" finished-at="2022-03-20T03:46:22Z" duration-ms="15374" status="PASS">
          <reporter-output>
          </reporter-output>
        </test-method> <!-- validUserShouldBeAbleToCreateCustomer -->
      </class> <!-- test.AddCustomerTest -->
    </test> <!-- Default test -->
  </suite> <!-- Default suite -->
</testng-results>
